PHP Warning:  socket_recv(): unable to read from socket [104]: Connection reset by peer in /home/godtou/site/websocket/server/socket.php on line 49
PHP Warning:  socket_getpeername(): unable to retrieve peer name [107]: Transport endpoint is not connected in /home/godtou/site/websocket/server/socket.php on line 67
PHP Warning:  socket_recv(): unable to read from socket [104]: Connection reset by peer in /home/godtou/site/websocket/server/socket.php on line 49
PHP Warning:  socket_getpeername(): unable to retrieve peer name [107]: Transport endpoint is not connected in /home/godtou/site/websocket/server/socket.php on line 67
PHP Warning:  socket_recv(): unable to read from socket [104]: Connection reset by peer in /home/godtou/site/websocket/server/socket.php on line 49
PHP Warning:  socket_getpeername(): unable to retrieve peer name [107]: Transport endpoint is not connected in /home/godtou/site/websocket/server/socket.php on line 67
PHP Warning:  socket_recv(): unable to read from socket [104]: Connection reset by peer in /home/godtou/site/websocket/server/socket.php on line 49
PHP Warning:  socket_getpeername(): unable to retrieve peer name [107]: Transport endpoint is not connected in /home/godtou/site/websocket/server/socket.php on line 67
PHP Warning:  socket_recv(): unable to read from socket [104]: Connection reset by peer in /home/godtou/site/websocket/server/socket.php on line 49
PHP Warning:  socket_getpeername(): unable to retrieve peer name [107]: Transport endpoint is not connected in /home/godtou/site/websocket/server/socket.php on line 67
PHP Warning:  socket_recv(): unable to read from socket [104]: Connection reset by peer in /home/godtou/site/websocket/server/socket.php on line 49
PHP Warning:  socket_getpeername(): unable to retrieve peer name [107]: Transport endpoint is not connected in /home/godtou/site/websocket/server/socket.php on line 67
PHP Warning:  socket_recv(): unable to read from socket [104]: Connection reset by peer in /home/godtou/site/websocket/server/socket.php on line 49
PHP Warning:  socket_getpeername(): unable to retrieve peer name [107]: Transport endpoint is not connected in /home/godtou/site/websocket/server/socket.php on line 67
PHP Warning:  socket_recv(): unable to read from socket [104]: Connection reset by peer in /home/godtou/site/websocket/server/socket.php on line 49
PHP Warning:  socket_getpeername(): unable to retrieve peer name [107]: Transport endpoint is not connected in /home/godtou/site/websocket/server/socket.php on line 67
PHP Warning:  socket_recv(): unable to read from socket [104]: Connection reset by peer in /home/godtou/site/websocket/server/socket.php on line 49
PHP Warning:  socket_getpeername(): unable to retrieve peer name [107]: Transport endpoint is not connected in /home/godtou/site/websocket/server/socket.php on line 67
PHP Warning:  socket_recv(): unable to read from socket [104]: Connection reset by peer in /home/godtou/site/websocket/server/socket.php on line 49
PHP Warning:  socket_getpeername(): unable to retrieve peer name [107]: Transport endpoint is not connected in /home/godtou/site/websocket/server/socket.php on line 67
PHP Warning:  socket_recv(): unable to read from socket [104]: Connection reset by peer in /home/godtou/site/websocket/server/socket.php on line 49
PHP Warning:  socket_getpeername(): unable to retrieve peer name [107]: Transport endpoint is not connected in /home/godtou/site/websocket/server/socket.php on line 67
PHP Warning:  socket_recv(): unable to read from socket [104]: Connection reset by peer in /home/godtou/site/websocket/server/socket.php on line 49
PHP Warning:  socket_getpeername(): unable to retrieve peer name [107]: Transport endpoint is not connected in /home/godtou/site/websocket/server/socket.php on line 67
PHP Warning:  socket_recv(): unable to read from socket [104]: Connection reset by peer in /home/godtou/site/websocket/server/socket.php on line 49
PHP Warning:  socket_getpeername(): unable to retrieve peer name [107]: Transport endpoint is not connected in /home/godtou/site/websocket/server/socket.php on line 67
PHP Warning:  socket_recv(): unable to read from socket [104]: Connection reset by peer in /home/godtou/site/websocket/server/socket.php on line 49
PHP Warning:  socket_getpeername(): unable to retrieve peer name [107]: Transport endpoint is not connected in /home/godtou/site/websocket/server/socket.php on line 67
PHP Warning:  socket_recv(): unable to read from socket [104]: Connection reset by peer in /home/godtou/site/websocket/server/socket.php on line 49
PHP Warning:  socket_getpeername(): unable to retrieve peer name [107]: Transport endpoint is not connected in /home/godtou/site/websocket/server/socket.php on line 67
PHP Warning:  socket_recv(): unable to read from socket [104]: Connection reset by peer in /home/godtou/site/websocket/server/socket.php on line 49
PHP Warning:  socket_getpeername(): unable to retrieve peer name [107]: Transport endpoint is not connected in /home/godtou/site/websocket/server/socket.php on line 67
PHP Warning:  socket_recv(): unable to read from socket [104]: Connection reset by peer in /home/godtou/site/websocket/server/socket.php on line 49
PHP Warning:  socket_getpeername(): unable to retrieve peer name [107]: Transport endpoint is not connected in /home/godtou/site/websocket/server/socket.php on line 67
PHP Notice:  Undefined property: stdClass::$name in /home/godtou/site/websocket/server/socket.php on line 53
PHP Notice:  Undefined property: stdClass::$message in /home/godtou/site/websocket/server/socket.php on line 54
PHP Notice:  Undefined property: stdClass::$color in /home/godtou/site/websocket/server/socket.php on line 55
PHP Notice:  Undefined property: stdClass::$name in /home/godtou/site/websocket/server/socket.php on line 53
PHP Notice:  Undefined property: stdClass::$message in /home/godtou/site/websocket/server/socket.php on line 54
PHP Notice:  Undefined property: stdClass::$color in /home/godtou/site/websocket/server/socket.php on line 55
PHP Notice:  Undefined property: stdClass::$name in /home/godtou/site/websocket/server/socket.php on line 53
PHP Notice:  Undefined property: stdClass::$message in /home/godtou/site/websocket/server/socket.php on line 54
PHP Notice:  Undefined property: stdClass::$color in /home/godtou/site/websocket/server/socket.php on line 55
PHP Notice:  Undefined property: stdClass::$name in /home/godtou/site/websocket/server/socket.php on line 53
PHP Notice:  Undefined property: stdClass::$message in /home/godtou/site/websocket/server/socket.php on line 54
PHP Notice:  Undefined property: stdClass::$color in /home/godtou/site/websocket/server/socket.php on line 55
PHP Notice:  Undefined property: stdClass::$name in /home/godtou/site/websocket/server/socket.php on line 53
PHP Notice:  Undefined property: stdClass::$message in /home/godtou/site/websocket/server/socket.php on line 54
PHP Notice:  Undefined property: stdClass::$color in /home/godtou/site/websocket/server/socket.php on line 55
PHP Notice:  Undefined property: stdClass::$name in /home/godtou/site/websocket/server/socket.php on line 53
PHP Notice:  Undefined property: stdClass::$message in /home/godtou/site/websocket/server/socket.php on line 54
PHP Notice:  Undefined property: stdClass::$color in /home/godtou/site/websocket/server/socket.php on line 55
PHP Notice:  Undefined property: stdClass::$name in /home/godtou/site/websocket/server/socket.php on line 53
PHP Notice:  Undefined property: stdClass::$message in /home/godtou/site/websocket/server/socket.php on line 54
PHP Notice:  Undefined property: stdClass::$color in /home/godtou/site/websocket/server/socket.php on line 55
PHP Notice:  Undefined property: stdClass::$name in /home/godtou/site/websocket/server/socket.php on line 53
PHP Notice:  Undefined property: stdClass::$message in /home/godtou/site/websocket/server/socket.php on line 54
PHP Notice:  Undefined property: stdClass::$color in /home/godtou/site/websocket/server/socket.php on line 55
PHP Notice:  Undefined property: stdClass::$name in /home/godtou/site/websocket/server/socket.php on line 53
PHP Notice:  Undefined property: stdClass::$message in /home/godtou/site/websocket/server/socket.php on line 54
PHP Notice:  Undefined property: stdClass::$color in /home/godtou/site/websocket/server/socket.php on line 55
PHP Notice:  Undefined property: stdClass::$name in /home/godtou/site/websocket/server/socket.php on line 53
PHP Notice:  Undefined property: stdClass::$message in /home/godtou/site/websocket/server/socket.php on line 54
PHP Notice:  Undefined property: stdClass::$color in /home/godtou/site/websocket/server/socket.php on line 55
PHP Notice:  Undefined property: stdClass::$name in /home/godtou/site/websocket/server/socket.php on line 53
PHP Notice:  Undefined property: stdClass::$message in /home/godtou/site/websocket/server/socket.php on line 54
PHP Notice:  Undefined property: stdClass::$color in /home/godtou/site/websocket/server/socket.php on line 55
PHP Notice:  Undefined property: stdClass::$name in /home/godtou/site/websocket/server/socket.php on line 53
PHP Notice:  Undefined property: stdClass::$message in /home/godtou/site/websocket/server/socket.php on line 54
PHP Notice:  Undefined property: stdClass::$color in /home/godtou/site/websocket/server/socket.php on line 55
PHP Notice:  Undefined property: stdClass::$name in /home/godtou/site/websocket/server/socket.php on line 53
PHP Notice:  Undefined property: stdClass::$message in /home/godtou/site/websocket/server/socket.php on line 54
PHP Notice:  Undefined property: stdClass::$color in /home/godtou/site/websocket/server/socket.php on line 55
PHP Notice:  Undefined property: stdClass::$name in /home/godtou/site/websocket/server/socket.php on line 53
PHP Notice:  Undefined property: stdClass::$message in /home/godtou/site/websocket/server/socket.php on line 54
PHP Notice:  Undefined property: stdClass::$color in /home/godtou/site/websocket/server/socket.php on line 55
PHP Notice:  Undefined property: stdClass::$name in /home/godtou/site/websocket/server/socket.php on line 53
PHP Notice:  Undefined property: stdClass::$message in /home/godtou/site/websocket/server/socket.php on line 54
PHP Notice:  Undefined property: stdClass::$color in /home/godtou/site/websocket/server/socket.php on line 55
PHP Notice:  Undefined property: stdClass::$color in /home/godtou/site/websocket/server/socket.php on line 55
PHP Notice:  Undefined property: stdClass::$color in /home/godtou/site/websocket/server/socket.php on line 55
PHP Notice:  Undefined property: stdClass::$color in /home/godtou/site/websocket/server/socket.php on line 55
PHP Notice:  Undefined property: stdClass::$color in /home/godtou/site/websocket/server/socket.php on line 55
PHP Notice:  Undefined property: stdClass::$color in /home/godtou/site/websocket/server/socket.php on line 55
PHP Warning:  socket_recv(): unable to read from socket [104]: Connection reset by peer in /home/godtou/site/websocket/server/socket.php on line 49
PHP Warning:  socket_getpeername(): unable to retrieve peer name [107]: Transport endpoint is not connected in /home/godtou/site/websocket/server/socket.php on line 67
PHP Warning:  socket_recv(): unable to read from socket [104]: Connection reset by peer in /home/godtou/site/websocket/server/socket.php on line 49
PHP Warning:  socket_getpeername(): unable to retrieve peer name [107]: Transport endpoint is not connected in /home/godtou/site/websocket/server/socket.php on line 67
PHP Notice:  Undefined property: stdClass::$color in /home/godtou/site/websocket/server/socket.php on line 55
PHP Notice:  Undefined property: stdClass::$color in /home/godtou/site/websocket/server/socket.php on line 55
PHP Notice:  Undefined property: stdClass::$color in /home/godtou/site/websocket/server/socket.php on line 55
PHP Notice:  Undefined property: stdClass::$color in /home/godtou/site/websocket/server/socket.php on line 55
PHP Notice:  Undefined property: stdClass::$color in /home/godtou/site/websocket/server/socket.php on line 55
PHP Notice:  Undefined property: stdClass::$color in /home/godtou/site/websocket/server/socket.php on line 55
PHP Notice:  Undefined property: stdClass::$color in /home/godtou/site/websocket/server/socket.php on line 55
PHP Notice:  Undefined property: stdClass::$color in /home/godtou/site/websocket/server/socket.php on line 55
PHP Notice:  Undefined property: stdClass::$color in /home/godtou/site/websocket/server/socket.php on line 55
PHP Notice:  Undefined property: stdClass::$color in /home/godtou/site/websocket/server/socket.php on line 55
PHP Notice:  Undefined property: stdClass::$color in /home/godtou/site/websocket/server/socket.php on line 55
PHP Notice:  Undefined property: stdClass::$color in /home/godtou/site/websocket/server/socket.php on line 55
PHP Notice:  Undefined property: stdClass::$color in /home/godtou/site/websocket/server/socket.php on line 55
PHP Notice:  Undefined property: stdClass::$color in /home/godtou/site/websocket/server/socket.php on line 55
PHP Notice:  Undefined property: stdClass::$color in /home/godtou/site/websocket/server/socket.php on line 55
